{"C:\\Users\\sebas\\OneDrive\\Escritorio\\Backend-BarVIIP\\src\\controllers\\appointment.controller.js": {"path":"C:\\Users\\sebas\\OneDrive\\Escritorio\\Backend-BarVIIP\\src\\controllers\\appointment.controller.js","statementMap":{"0":{"start":{"line":1,"column":0},"end":{"line":1,"column":19}},"1":{"start":{"line":3,"column":20},"end":{"line":3,"column":52}},"2":{"start":{"line":4,"column":22},"end":{"line":4,"column":58}},"3":{"start":{"line":5,"column":25},"end":{"line":5,"column":60}},"4":{"start":{"line":7,"column":18},"end":{"line":7,"column":32}},"5":{"start":{"line":8,"column":24},"end":{"line":8,"column":42}},"6":{"start":{"line":9,"column":15},"end":{"line":9,"column":34}},"7":{"start":{"line":19,"column":8},"end":{"line":44,"column":9}},"8":{"start":{"line":20,"column":26},"end":{"line":20,"column":34}},"9":{"start":{"line":21,"column":32},"end":{"line":21,"column":56}},"10":{"start":{"line":22,"column":12},"end":{"line":22,"column":32}},"11":{"start":{"line":23,"column":25},"end":{"line":26,"column":13}},"12":{"start":{"line":27,"column":37},"end":{"line":27,"column":85}},"13":{"start":{"line":28,"column":12},"end":{"line":30,"column":13}},"14":{"start":{"line":29,"column":16},"end":{"line":29,"column":96}},"15":{"start":{"line":31,"column":29},"end":{"line":31,"column":77}},"16":{"start":{"line":32,"column":12},"end":{"line":32,"column":46}},"17":{"start":{"line":33,"column":12},"end":{"line":37,"column":15}},"18":{"start":{"line":39,"column":12},"end":{"line":39,"column":33}},"19":{"start":{"line":40,"column":12},"end":{"line":43,"column":15}},"20":{"start":{"line":52,"column":8},"end":{"line":69,"column":9}},"21":{"start":{"line":53,"column":23},"end":{"line":53,"column":36}},"22":{"start":{"line":54,"column":43},"end":{"line":54,"column":86}},"23":{"start":{"line":55,"column":12},"end":{"line":57,"column":13}},"24":{"start":{"line":56,"column":16},"end":{"line":56,"column":81}},"25":{"start":{"line":58,"column":12},"end":{"line":62,"column":14}},"26":{"start":{"line":64,"column":12},"end":{"line":64,"column":33}},"27":{"start":{"line":65,"column":12},"end":{"line":68,"column":15}},"28":{"start":{"line":77,"column":8},"end":{"line":101,"column":9}},"29":{"start":{"line":78,"column":26},"end":{"line":78,"column":34}},"30":{"start":{"line":79,"column":23},"end":{"line":79,"column":36}},"31":{"start":{"line":80,"column":32},"end":{"line":80,"column":56}},"32":{"start":{"line":81,"column":12},"end":{"line":81,"column":31}},"33":{"start":{"line":82,"column":25},"end":{"line":85,"column":13}},"34":{"start":{"line":86,"column":45},"end":{"line":86,"column":97}},"35":{"start":{"line":87,"column":12},"end":{"line":89,"column":13}},"36":{"start":{"line":88,"column":16},"end":{"line":88,"column":64}},"37":{"start":{"line":90,"column":12},"end":{"line":94,"column":14}},"38":{"start":{"line":96,"column":12},"end":{"line":96,"column":33}},"39":{"start":{"line":97,"column":12},"end":{"line":100,"column":15}},"40":{"start":{"line":109,"column":8},"end":{"line":123,"column":9}},"41":{"start":{"line":110,"column":25},"end":{"line":110,"column":33}},"42":{"start":{"line":111,"column":33},"end":{"line":111,"column":85}},"43":{"start":{"line":112,"column":12},"end":{"line":116,"column":17}},"44":{"start":{"line":118,"column":12},"end":{"line":118,"column":33}},"45":{"start":{"line":119,"column":12},"end":{"line":122,"column":15}},"46":{"start":{"line":130,"column":0},"end":{"line":130,"column":38}}},"fnMap":{"0":{"name":"(anonymous_0)","decl":{"start":{"line":12,"column":4},"end":{"line":12,"column":5}},"loc":{"start":{"line":12,"column":18},"end":{"line":12,"column":21}},"line":12},"1":{"name":"(anonymous_1)","decl":{"start":{"line":18,"column":4},"end":{"line":18,"column":5}},"loc":{"start":{"line":18,"column":38},"end":{"line":45,"column":5}},"line":18},"2":{"name":"(anonymous_2)","decl":{"start":{"line":51,"column":4},"end":{"line":51,"column":5}},"loc":{"start":{"line":51,"column":38},"end":{"line":70,"column":5}},"line":51},"3":{"name":"(anonymous_3)","decl":{"start":{"line":76,"column":4},"end":{"line":76,"column":5}},"loc":{"start":{"line":76,"column":38},"end":{"line":102,"column":5}},"line":76},"4":{"name":"(anonymous_4)","decl":{"start":{"line":108,"column":4},"end":{"line":108,"column":5}},"loc":{"start":{"line":108,"column":32},"end":{"line":124,"column":5}},"line":108}},"branchMap":{"0":{"loc":{"start":{"line":28,"column":12},"end":{"line":30,"column":13}},"type":"if","locations":[{"start":{"line":28,"column":12},"end":{"line":30,"column":13}},{"start":{},"end":{}}],"line":28},"1":{"loc":{"start":{"line":40,"column":23},"end":{"line":40,"column":43}},"type":"binary-expr","locations":[{"start":{"line":40,"column":23},"end":{"line":40,"column":36}},{"start":{"line":40,"column":40},"end":{"line":40,"column":43}}],"line":40},"2":{"loc":{"start":{"line":42,"column":25},"end":{"line":42,"column":48}},"type":"binary-expr","locations":[{"start":{"line":42,"column":25},"end":{"line":42,"column":39}},{"start":{"line":42,"column":43},"end":{"line":42,"column":48}}],"line":42},"3":{"loc":{"start":{"line":55,"column":12},"end":{"line":57,"column":13}},"type":"if","locations":[{"start":{"line":55,"column":12},"end":{"line":57,"column":13}},{"start":{},"end":{}}],"line":55},"4":{"loc":{"start":{"line":65,"column":23},"end":{"line":65,"column":43}},"type":"binary-expr","locations":[{"start":{"line":65,"column":23},"end":{"line":65,"column":36}},{"start":{"line":65,"column":40},"end":{"line":65,"column":43}}],"line":65},"5":{"loc":{"start":{"line":67,"column":25},"end":{"line":67,"column":48}},"type":"binary-expr","locations":[{"start":{"line":67,"column":25},"end":{"line":67,"column":39}},{"start":{"line":67,"column":43},"end":{"line":67,"column":48}}],"line":67},"6":{"loc":{"start":{"line":87,"column":12},"end":{"line":89,"column":13}},"type":"if","locations":[{"start":{"line":87,"column":12},"end":{"line":89,"column":13}},{"start":{},"end":{}}],"line":87},"7":{"loc":{"start":{"line":97,"column":23},"end":{"line":97,"column":43}},"type":"binary-expr","locations":[{"start":{"line":97,"column":23},"end":{"line":97,"column":36}},{"start":{"line":97,"column":40},"end":{"line":97,"column":43}}],"line":97},"8":{"loc":{"start":{"line":99,"column":25},"end":{"line":99,"column":48}},"type":"binary-expr","locations":[{"start":{"line":99,"column":25},"end":{"line":99,"column":39}},{"start":{"line":99,"column":43},"end":{"line":99,"column":48}}],"line":99},"9":{"loc":{"start":{"line":119,"column":23},"end":{"line":119,"column":43}},"type":"binary-expr","locations":[{"start":{"line":119,"column":23},"end":{"line":119,"column":36}},{"start":{"line":119,"column":40},"end":{"line":119,"column":43}}],"line":119},"10":{"loc":{"start":{"line":121,"column":25},"end":{"line":121,"column":48}},"type":"binary-expr","locations":[{"start":{"line":121,"column":25},"end":{"line":121,"column":39}},{"start":{"line":121,"column":43},"end":{"line":121,"column":48}}],"line":121}},"s":{"0":1,"1":1,"2":1,"3":1,"4":1,"5":1,"6":1,"7":1,"8":1,"9":1,"10":1,"11":1,"12":1,"13":1,"14":0,"15":1,"16":1,"17":1,"18":0,"19":0,"20":1,"21":1,"22":1,"23":1,"24":0,"25":1,"26":0,"27":0,"28":1,"29":1,"30":1,"31":1,"32":1,"33":1,"34":1,"35":1,"36":1,"37":0,"38":1,"39":1,"40":1,"41":1,"42":1,"43":1,"44":0,"45":0,"46":1},"f":{"0":1,"1":1,"2":1,"3":1,"4":1},"b":{"0":[0,1],"1":[0,0],"2":[0,0],"3":[0,1],"4":[0,0],"5":[0,0],"6":[1,0],"7":[1,0],"8":[1,0],"9":[0,0],"10":[0,0]},"_coverageSchema":"1a1c01bbd47fc00a2c39e90264f33305004495a9","hash":"c773dbe600ae6f644fa4f82e8558b959c0dd08d3"}
,"C:\\Users\\sebas\\OneDrive\\Escritorio\\Backend-BarVIIP\\src\\models\\Appointment.js": {"path":"C:\\Users\\sebas\\OneDrive\\Escritorio\\Backend-BarVIIP\\src\\models\\Appointment.js","statementMap":{"0":{"start":{"line":3,"column":6},"end":{"line":3,"column":31}},"1":{"start":{"line":4,"column":6},"end":{"line":4,"column":27}},"2":{"start":{"line":5,"column":6},"end":{"line":5,"column":23}},"3":{"start":{"line":6,"column":6},"end":{"line":6,"column":23}},"4":{"start":{"line":7,"column":6},"end":{"line":7,"column":29}},"5":{"start":{"line":8,"column":6},"end":{"line":8,"column":34}},"6":{"start":{"line":12,"column":6},"end":{"line":14,"column":7}},"7":{"start":{"line":13,"column":8},"end":{"line":13,"column":68}},"8":{"start":{"line":15,"column":6},"end":{"line":17,"column":7}},"9":{"start":{"line":16,"column":8},"end":{"line":16,"column":66}},"10":{"start":{"line":18,"column":6},"end":{"line":20,"column":7}},"11":{"start":{"line":19,"column":8},"end":{"line":19,"column":63}},"12":{"start":{"line":21,"column":6},"end":{"line":23,"column":7}},"13":{"start":{"line":22,"column":8},"end":{"line":22,"column":63}},"14":{"start":{"line":24,"column":6},"end":{"line":26,"column":7}},"15":{"start":{"line":25,"column":8},"end":{"line":25,"column":66}},"16":{"start":{"line":27,"column":6},"end":{"line":29,"column":7}},"17":{"start":{"line":28,"column":8},"end":{"line":28,"column":70}},"18":{"start":{"line":33,"column":6},"end":{"line":40,"column":7}},"19":{"start":{"line":45,"column":2},"end":{"line":45,"column":24}}},"fnMap":{"0":{"name":"(anonymous_0)","decl":{"start":{"line":2,"column":4},"end":{"line":2,"column":5}},"loc":{"start":{"line":2,"column":66},"end":{"line":9,"column":5}},"line":2},"1":{"name":"(anonymous_1)","decl":{"start":{"line":11,"column":4},"end":{"line":11,"column":5}},"loc":{"start":{"line":11,"column":12},"end":{"line":30,"column":5}},"line":11},"2":{"name":"(anonymous_2)","decl":{"start":{"line":32,"column":4},"end":{"line":32,"column":5}},"loc":{"start":{"line":32,"column":12},"end":{"line":41,"column":5}},"line":32}},"branchMap":{"0":{"loc":{"start":{"line":12,"column":6},"end":{"line":14,"column":7}},"type":"if","locations":[{"start":{"line":12,"column":6},"end":{"line":14,"column":7}},{"start":{},"end":{}}],"line":12},"1":{"loc":{"start":{"line":12,"column":10},"end":{"line":12,"column":65}},"type":"binary-expr","locations":[{"start":{"line":12,"column":10},"end":{"line":12,"column":24}},{"start":{"line":12,"column":28},"end":{"line":12,"column":65}}],"line":12},"2":{"loc":{"start":{"line":15,"column":6},"end":{"line":17,"column":7}},"type":"if","locations":[{"start":{"line":15,"column":6},"end":{"line":17,"column":7}},{"start":{},"end":{}}],"line":15},"3":{"loc":{"start":{"line":15,"column":10},"end":{"line":15,"column":61}},"type":"binary-expr","locations":[{"start":{"line":15,"column":10},"end":{"line":15,"column":22}},{"start":{"line":15,"column":26},"end":{"line":15,"column":61}}],"line":15},"4":{"loc":{"start":{"line":18,"column":6},"end":{"line":20,"column":7}},"type":"if","locations":[{"start":{"line":18,"column":6},"end":{"line":20,"column":7}},{"start":{},"end":{}}],"line":18},"5":{"loc":{"start":{"line":18,"column":10},"end":{"line":18,"column":57}},"type":"binary-expr","locations":[{"start":{"line":18,"column":10},"end":{"line":18,"column":20}},{"start":{"line":18,"column":24},"end":{"line":18,"column":57}}],"line":18},"6":{"loc":{"start":{"line":21,"column":6},"end":{"line":23,"column":7}},"type":"if","locations":[{"start":{"line":21,"column":6},"end":{"line":23,"column":7}},{"start":{},"end":{}}],"line":21},"7":{"loc":{"start":{"line":21,"column":10},"end":{"line":21,"column":57}},"type":"binary-expr","locations":[{"start":{"line":21,"column":10},"end":{"line":21,"column":20}},{"start":{"line":21,"column":24},"end":{"line":21,"column":57}}],"line":21},"8":{"loc":{"start":{"line":24,"column":6},"end":{"line":26,"column":7}},"type":"if","locations":[{"start":{"line":24,"column":6},"end":{"line":26,"column":7}},{"start":{},"end":{}}],"line":24},"9":{"loc":{"start":{"line":24,"column":10},"end":{"line":24,"column":63}},"type":"binary-expr","locations":[{"start":{"line":24,"column":10},"end":{"line":24,"column":23}},{"start":{"line":24,"column":27},"end":{"line":24,"column":63}}],"line":24},"10":{"loc":{"start":{"line":27,"column":6},"end":{"line":29,"column":7}},"type":"if","locations":[{"start":{"line":27,"column":6},"end":{"line":29,"column":7}},{"start":{},"end":{}}],"line":27},"11":{"loc":{"start":{"line":27,"column":10},"end":{"line":27,"column":69}},"type":"binary-expr","locations":[{"start":{"line":27,"column":10},"end":{"line":27,"column":26}},{"start":{"line":27,"column":30},"end":{"line":27,"column":69}}],"line":27}},"s":{"0":2,"1":2,"2":2,"3":2,"4":2,"5":2,"6":2,"7":0,"8":2,"9":0,"10":2,"11":0,"12":2,"13":0,"14":2,"15":0,"16":2,"17":0,"18":0,"19":1},"f":{"0":2,"1":2,"2":0},"b":{"0":[0,2],"1":[2,2],"2":[0,2],"3":[2,2],"4":[0,2],"5":[2,2],"6":[0,2],"7":[2,2],"8":[0,2],"9":[2,2],"10":[0,2],"11":[2,2]},"_coverageSchema":"1a1c01bbd47fc00a2c39e90264f33305004495a9","hash":"a8088f331e2d412de0f0d060f65c128c2ede8c33"}
,"C:\\Users\\sebas\\OneDrive\\Escritorio\\Backend-BarVIIP\\src\\services\\AdapterConfig.js": {"path":"C:\\Users\\sebas\\OneDrive\\Escritorio\\Backend-BarVIIP\\src\\services\\AdapterConfig.js","statementMap":{"0":{"start":{"line":3,"column":4},"end":{"line":3,"column":31}},"1":{"start":{"line":7,"column":0},"end":{"line":7,"column":25}}},"fnMap":{"0":{"name":"(anonymous_0)","decl":{"start":{"line":2,"column":2},"end":{"line":2,"column":3}},"loc":{"start":{"line":2,"column":12},"end":{"line":4,"column":3}},"line":2}},"branchMap":{},"s":{"0":0,"1":1},"f":{"0":0},"b":{},"_coverageSchema":"1a1c01bbd47fc00a2c39e90264f33305004495a9","hash":"a6a612e52c3bb63cd26f7c9a82f59189a7e232df"}
,"C:\\Users\\sebas\\OneDrive\\Escritorio\\Backend-BarVIIP\\src\\services\\AdapterDatabase.js": {"path":"C:\\Users\\sebas\\OneDrive\\Escritorio\\Backend-BarVIIP\\src\\services\\AdapterDatabase.js","statementMap":{"0":{"start":{"line":3,"column":4},"end":{"line":3,"column":29}},"1":{"start":{"line":6,"column":4},"end":{"line":6,"column":29}},"2":{"start":{"line":9,"column":4},"end":{"line":9,"column":29}},"3":{"start":{"line":12,"column":4},"end":{"line":12,"column":29}},"4":{"start":{"line":15,"column":4},"end":{"line":15,"column":29}},"5":{"start":{"line":18,"column":4},"end":{"line":18,"column":29}},"6":{"start":{"line":21,"column":4},"end":{"line":21,"column":29}},"7":{"start":{"line":27,"column":0},"end":{"line":27,"column":31}}},"fnMap":{"0":{"name":"(anonymous_0)","decl":{"start":{"line":2,"column":2},"end":{"line":2,"column":3}},"loc":{"start":{"line":2,"column":34},"end":{"line":4,"column":3}},"line":2},"1":{"name":"(anonymous_1)","decl":{"start":{"line":5,"column":2},"end":{"line":5,"column":3}},"loc":{"start":{"line":5,"column":29},"end":{"line":7,"column":3}},"line":5},"2":{"name":"(anonymous_2)","decl":{"start":{"line":8,"column":2},"end":{"line":8,"column":3}},"loc":{"start":{"line":8,"column":38},"end":{"line":10,"column":3}},"line":8},"3":{"name":"(anonymous_3)","decl":{"start":{"line":11,"column":2},"end":{"line":11,"column":3}},"loc":{"start":{"line":11,"column":38},"end":{"line":13,"column":3}},"line":11},"4":{"name":"(anonymous_4)","decl":{"start":{"line":14,"column":2},"end":{"line":14,"column":3}},"loc":{"start":{"line":14,"column":39},"end":{"line":16,"column":3}},"line":14},"5":{"name":"(anonymous_5)","decl":{"start":{"line":17,"column":2},"end":{"line":17,"column":3}},"loc":{"start":{"line":17,"column":32},"end":{"line":19,"column":3}},"line":17},"6":{"name":"(anonymous_6)","decl":{"start":{"line":20,"column":2},"end":{"line":20,"column":3}},"loc":{"start":{"line":20,"column":25},"end":{"line":23,"column":3}},"line":20}},"branchMap":{},"s":{"0":0,"1":0,"2":0,"3":0,"4":0,"5":0,"6":0,"7":1},"f":{"0":0,"1":0,"2":0,"3":0,"4":0,"5":0,"6":0},"b":{},"_coverageSchema":"1a1c01bbd47fc00a2c39e90264f33305004495a9","hash":"dbfd199cf903f183f0a1f64ef3155e0ae8b784a1"}
,"C:\\Users\\sebas\\OneDrive\\Escritorio\\Backend-BarVIIP\\src\\services\\ConfigService.js": {"path":"C:\\Users\\sebas\\OneDrive\\Escritorio\\Backend-BarVIIP\\src\\services\\ConfigService.js","statementMap":{"0":{"start":{"line":1,"column":16},"end":{"line":1,"column":42}},"1":{"start":{"line":2,"column":15},"end":{"line":2,"column":32}},"2":{"start":{"line":6,"column":4},"end":{"line":6,"column":28}},"3":{"start":{"line":10,"column":0},"end":{"line":10,"column":31}}},"fnMap":{"0":{"name":"(anonymous_0)","decl":{"start":{"line":5,"column":2},"end":{"line":5,"column":3}},"loc":{"start":{"line":5,"column":12},"end":{"line":7,"column":3}},"line":5}},"branchMap":{},"s":{"0":1,"1":1,"2":20,"3":1},"f":{"0":20},"b":{},"_coverageSchema":"1a1c01bbd47fc00a2c39e90264f33305004495a9","hash":"9c7cc68695217fa05c38a7a34c7fae3936d1c270"}
,"C:\\Users\\sebas\\OneDrive\\Escritorio\\Backend-BarVIIP\\src\\services\\MongoService.js": {"path":"C:\\Users\\sebas\\OneDrive\\Escritorio\\Backend-BarVIIP\\src\\services\\MongoService.js","statementMap":{"0":{"start":{"line":1,"column":52},"end":{"line":1,"column":70}},"1":{"start":{"line":2,"column":22},"end":{"line":2,"column":50}},"2":{"start":{"line":3,"column":22},"end":{"line":3,"column":48}},"3":{"start":{"line":5,"column":15},"end":{"line":5,"column":34}},"4":{"start":{"line":7,"column":18},"end":{"line":20,"column":1}},"5":{"start":{"line":8,"column":15},"end":{"line":8,"column":42}},"6":{"start":{"line":9,"column":19},"end":{"line":9,"column":50}},"7":{"start":{"line":10,"column":15},"end":{"line":10,"column":42}},"8":{"start":{"line":11,"column":14},"end":{"line":11,"column":86}},"9":{"start":{"line":12,"column":17},"end":{"line":18,"column":4}},"10":{"start":{"line":19,"column":2},"end":{"line":19,"column":16}},"11":{"start":{"line":24,"column":4},"end":{"line":24,"column":12}},"12":{"start":{"line":27,"column":19},"end":{"line":27,"column":30}},"13":{"start":{"line":28,"column":4},"end":{"line":40,"column":5}},"14":{"start":{"line":29,"column":6},"end":{"line":29,"column":29}},"15":{"start":{"line":30,"column":21},"end":{"line":30,"column":48}},"16":{"start":{"line":31,"column":23},"end":{"line":31,"column":40}},"17":{"start":{"line":32,"column":25},"end":{"line":32,"column":60}},"18":{"start":{"line":33,"column":19},"end":{"line":33,"column":52}},"19":{"start":{"line":34,"column":6},"end":{"line":34,"column":18}},"20":{"start":{"line":36,"column":6},"end":{"line":36,"column":27}},"21":{"start":{"line":37,"column":6},"end":{"line":37,"column":63}},"22":{"start":{"line":39,"column":6},"end":{"line":39,"column":27}},"23":{"start":{"line":44,"column":19},"end":{"line":44,"column":30}},"24":{"start":{"line":45,"column":4},"end":{"line":56,"column":5}},"25":{"start":{"line":46,"column":6},"end":{"line":46,"column":29}},"26":{"start":{"line":47,"column":21},"end":{"line":47,"column":48}},"27":{"start":{"line":48,"column":23},"end":{"line":48,"column":40}},"28":{"start":{"line":49,"column":25},"end":{"line":49,"column":60}},"29":{"start":{"line":50,"column":18},"end":{"line":50,"column":53}},"30":{"start":{"line":51,"column":6},"end":{"line":51,"column":17}},"31":{"start":{"line":53,"column":6},"end":{"line":53,"column":63}},"32":{"start":{"line":55,"column":6},"end":{"line":55,"column":27}},"33":{"start":{"line":60,"column":19},"end":{"line":60,"column":30}},"34":{"start":{"line":61,"column":4},"end":{"line":72,"column":5}},"35":{"start":{"line":62,"column":6},"end":{"line":62,"column":29}},"36":{"start":{"line":63,"column":21},"end":{"line":63,"column":48}},"37":{"start":{"line":64,"column":23},"end":{"line":64,"column":40}},"38":{"start":{"line":65,"column":25},"end":{"line":65,"column":60}},"39":{"start":{"line":66,"column":18},"end":{"line":66,"column":57}},"40":{"start":{"line":67,"column":6},"end":{"line":67,"column":17}},"41":{"start":{"line":69,"column":6},"end":{"line":69,"column":63}},"42":{"start":{"line":71,"column":6},"end":{"line":71,"column":27}},"43":{"start":{"line":76,"column":19},"end":{"line":76,"column":30}},"44":{"start":{"line":77,"column":4},"end":{"line":88,"column":5}},"45":{"start":{"line":78,"column":6},"end":{"line":78,"column":29}},"46":{"start":{"line":79,"column":21},"end":{"line":79,"column":48}},"47":{"start":{"line":80,"column":23},"end":{"line":80,"column":40}},"48":{"start":{"line":81,"column":25},"end":{"line":81,"column":60}},"49":{"start":{"line":82,"column":18},"end":{"line":82,"column":50}},"50":{"start":{"line":83,"column":6},"end":{"line":83,"column":17}},"51":{"start":{"line":85,"column":6},"end":{"line":85,"column":63}},"52":{"start":{"line":87,"column":6},"end":{"line":87,"column":27}},"53":{"start":{"line":92,"column":16},"end":{"line":92,"column":32}},"54":{"start":{"line":93,"column":19},"end":{"line":93,"column":30}},"55":{"start":{"line":94,"column":4},"end":{"line":105,"column":5}},"56":{"start":{"line":95,"column":6},"end":{"line":95,"column":29}},"57":{"start":{"line":96,"column":21},"end":{"line":96,"column":48}},"58":{"start":{"line":97,"column":23},"end":{"line":97,"column":40}},"59":{"start":{"line":98,"column":25},"end":{"line":98,"column":60}},"60":{"start":{"line":99,"column":18},"end":{"line":99,"column":63}},"61":{"start":{"line":100,"column":6},"end":{"line":100,"column":17}},"62":{"start":{"line":102,"column":6},"end":{"line":102,"column":63}},"63":{"start":{"line":104,"column":6},"end":{"line":104,"column":27}},"64":{"start":{"line":109,"column":16},"end":{"line":109,"column":32}},"65":{"start":{"line":110,"column":19},"end":{"line":110,"column":30}},"66":{"start":{"line":111,"column":4},"end":{"line":122,"column":5}},"67":{"start":{"line":112,"column":6},"end":{"line":112,"column":29}},"68":{"start":{"line":113,"column":21},"end":{"line":113,"column":48}},"69":{"start":{"line":114,"column":23},"end":{"line":114,"column":40}},"70":{"start":{"line":115,"column":25},"end":{"line":115,"column":60}},"71":{"start":{"line":116,"column":18},"end":{"line":116,"column":53}},"72":{"start":{"line":117,"column":6},"end":{"line":117,"column":17}},"73":{"start":{"line":119,"column":6},"end":{"line":119,"column":63}},"74":{"start":{"line":121,"column":6},"end":{"line":121,"column":27}},"75":{"start":{"line":126,"column":19},"end":{"line":126,"column":30}},"76":{"start":{"line":127,"column":4},"end":{"line":138,"column":5}},"77":{"start":{"line":128,"column":6},"end":{"line":128,"column":29}},"78":{"start":{"line":129,"column":21},"end":{"line":129,"column":48}},"79":{"start":{"line":130,"column":23},"end":{"line":130,"column":40}},"80":{"start":{"line":131,"column":25},"end":{"line":131,"column":60}},"81":{"start":{"line":132,"column":18},"end":{"line":132,"column":53}},"82":{"start":{"line":133,"column":6},"end":{"line":133,"column":17}},"83":{"start":{"line":135,"column":6},"end":{"line":135,"column":63}},"84":{"start":{"line":137,"column":6},"end":{"line":137,"column":27}},"85":{"start":{"line":141,"column":16},"end":{"line":141,"column":32}},"86":{"start":{"line":142,"column":19},"end":{"line":142,"column":30}},"87":{"start":{"line":143,"column":4},"end":{"line":154,"column":5}},"88":{"start":{"line":144,"column":6},"end":{"line":144,"column":29}},"89":{"start":{"line":145,"column":21},"end":{"line":145,"column":48}},"90":{"start":{"line":146,"column":23},"end":{"line":146,"column":40}},"91":{"start":{"line":147,"column":25},"end":{"line":147,"column":60}},"92":{"start":{"line":148,"column":18},"end":{"line":148,"column":49}},"93":{"start":{"line":149,"column":6},"end":{"line":149,"column":17}},"94":{"start":{"line":151,"column":6},"end":{"line":151,"column":63}},"95":{"start":{"line":153,"column":6},"end":{"line":153,"column":27}},"96":{"start":{"line":159,"column":0},"end":{"line":159,"column":34}}},"fnMap":{"0":{"name":"(anonymous_0)","decl":{"start":{"line":7,"column":18},"end":{"line":7,"column":19}},"loc":{"start":{"line":7,"column":24},"end":{"line":20,"column":1}},"line":7},"1":{"name":"(anonymous_1)","decl":{"start":{"line":23,"column":2},"end":{"line":23,"column":3}},"loc":{"start":{"line":23,"column":16},"end":{"line":25,"column":3}},"line":23},"2":{"name":"(anonymous_2)","decl":{"start":{"line":26,"column":2},"end":{"line":26,"column":3}},"loc":{"start":{"line":26,"column":32},"end":{"line":41,"column":3}},"line":26},"3":{"name":"(anonymous_3)","decl":{"start":{"line":43,"column":2},"end":{"line":43,"column":3}},"loc":{"start":{"line":43,"column":40},"end":{"line":57,"column":3}},"line":43},"4":{"name":"(anonymous_4)","decl":{"start":{"line":59,"column":2},"end":{"line":59,"column":3}},"loc":{"start":{"line":59,"column":43},"end":{"line":73,"column":3}},"line":59},"5":{"name":"(anonymous_5)","decl":{"start":{"line":75,"column":2},"end":{"line":75,"column":3}},"loc":{"start":{"line":75,"column":39},"end":{"line":89,"column":3}},"line":75},"6":{"name":"(anonymous_6)","decl":{"start":{"line":91,"column":2},"end":{"line":91,"column":3}},"loc":{"start":{"line":91,"column":44},"end":{"line":106,"column":3}},"line":91},"7":{"name":"(anonymous_7)","decl":{"start":{"line":108,"column":2},"end":{"line":108,"column":3}},"loc":{"start":{"line":108,"column":35},"end":{"line":123,"column":3}},"line":108},"8":{"name":"(anonymous_8)","decl":{"start":{"line":125,"column":2},"end":{"line":125,"column":3}},"loc":{"start":{"line":125,"column":44},"end":{"line":139,"column":3}},"line":125},"9":{"name":"(anonymous_9)","decl":{"start":{"line":140,"column":2},"end":{"line":140,"column":3}},"loc":{"start":{"line":140,"column":35},"end":{"line":155,"column":3}},"line":140}},"branchMap":{},"s":{"0":1,"1":1,"2":1,"3":1,"4":1,"5":5,"6":5,"7":5,"8":5,"9":5,"10":5,"11":1,"12":0,"13":0,"14":0,"15":0,"16":0,"17":0,"18":0,"19":0,"20":0,"21":0,"22":0,"23":1,"24":1,"25":1,"26":1,"27":1,"28":1,"29":1,"30":1,"31":0,"32":1,"33":1,"34":1,"35":1,"36":1,"37":1,"38":1,"39":1,"40":1,"41":0,"42":1,"43":1,"44":1,"45":1,"46":1,"47":1,"48":1,"49":1,"50":1,"51":0,"52":1,"53":1,"54":1,"55":1,"56":1,"57":1,"58":1,"59":1,"60":1,"61":1,"62":0,"63":1,"64":1,"65":1,"66":1,"67":1,"68":1,"69":1,"70":1,"71":1,"72":1,"73":0,"74":1,"75":0,"76":0,"77":0,"78":0,"79":0,"80":0,"81":0,"82":0,"83":0,"84":0,"85":0,"86":0,"87":0,"88":0,"89":0,"90":0,"91":0,"92":0,"93":0,"94":0,"95":0,"96":1},"f":{"0":5,"1":1,"2":0,"3":1,"4":1,"5":1,"6":1,"7":1,"8":0,"9":0},"b":{},"_coverageSchema":"1a1c01bbd47fc00a2c39e90264f33305004495a9","hash":"15ffd03a3ca58b86a9af64a9568ebf75fd5da8cc"}
}
